0 info it worked if it ends with ok
1 verbose cli [ '/usr/local/bin/node', '/usr/local/bin/npm', 'publish' ]
2 info using npm@3.3.12
3 info using node@v5.2.0
4 verbose publish [ '.' ]
5 silly cache add args [ '.', null ]
6 verbose cache add spec .
7 silly cache add parsed spec Result {
7 silly cache add   raw: '.',
7 silly cache add   scope: null,
7 silly cache add   name: null,
7 silly cache add   rawSpec: '.',
7 silly cache add   spec: '/Users/kaushiksahoo/Desktop/capsule-components',
7 silly cache add   type: 'directory' }
8 verbose addLocalDirectory /Users/kaushiksahoo/.npm/components/1.0.0/package.tgz not in flight; packing
9 info lifecycle components@1.0.0~prepublish: components@1.0.0
10 silly lifecycle components@1.0.0~prepublish: no script for prepublish, continuing
11 verbose tar pack [ '/Users/kaushiksahoo/.npm/components/1.0.0/package.tgz',
11 verbose tar pack   '/Users/kaushiksahoo/Desktop/capsule-components' ]
12 verbose tarball /Users/kaushiksahoo/.npm/components/1.0.0/package.tgz
13 verbose folder /Users/kaushiksahoo/Desktop/capsule-components
14 verbose addLocalTarball adding from inside cache /Users/kaushiksahoo/.npm/components/1.0.0/package.tgz
15 silly cache afterAdd components@1.0.0
16 verbose afterAdd /Users/kaushiksahoo/.npm/components/1.0.0/package/package.json not in flight; writing
17 verbose afterAdd /Users/kaushiksahoo/.npm/components/1.0.0/package/package.json written
18 silly publish { name: 'components',
18 silly publish   version: '1.0.0',
18 silly publish   description: 'A set of reusable components for React',
18 silly publish   main: 'index.js',
18 silly publish   dependencies:
18 silly publish    { 'babel-core': '^6.2.1',
18 silly publish      'babel-loader': '^6.2.0',
18 silly publish      'babel-preset-es2015': '^6.1.18',
18 silly publish      'babel-preset-react': '^6.1.18',
18 silly publish      'babel-preset-stage-1': '^6.1.18',
18 silly publish      react: '^15.0.1',
18 silly publish      'react-dom': '^15.0.1',
18 silly publish      webpack: '^1.12.15' },
18 silly publish   devDependencies: {},
18 silly publish   scripts: { test: 'echo "Error: no test specified" && exit 1' },
18 silly publish   keywords: [],
18 silly publish   author: '',
18 silly publish   license: 'ISC',
18 silly publish   readme: '# capsule-components\nA set of reusable components for React\n',
18 silly publish   readmeFilename: 'README.md',
18 silly publish   gitHead: '96644f8fe367513c920a7ed6dff3fe51197dd2c1',
18 silly publish   _id: 'components@1.0.0',
18 silly publish   _shasum: 'c6f7ada7cdee3764255411e01d9bdd327f68a439',
18 silly publish   _from: '.' }
19 verbose getPublishConfig undefined
20 silly mapToRegistry name components
21 silly mapToRegistry using default registry
22 silly mapToRegistry registry https://registry.npmjs.org/
23 silly mapToRegistry uri https://registry.npmjs.org/components
24 verbose publish registryBase https://registry.npmjs.org/
25 silly publish uploading /Users/kaushiksahoo/.npm/components/1.0.0/package.tgz
26 verbose request uri https://registry.npmjs.org/components
27 verbose request sending authorization for write operation
28 info attempt registry request try #1 at 9:26:26 AM
29 verbose request using bearer token for auth
30 verbose request id 7a0ed6fbb0c83b57
31 http request PUT https://registry.npmjs.org/components
32 http 403 https://registry.npmjs.org/components
33 verbose headers { 'content-type': 'application/json',
33 verbose headers   'cache-control': 'max-age=300',
33 verbose headers   'content-length': '104',
33 verbose headers   'accept-ranges': 'bytes',
33 verbose headers   date: 'Mon, 09 May 2016 16:26:01 GMT',
33 verbose headers   via: '1.1 varnish',
33 verbose headers   connection: 'keep-alive',
33 verbose headers   'x-served-by': 'cache-sjc3124-SJC',
33 verbose headers   'x-cache': 'MISS',
33 verbose headers   'x-cache-hits': '0',
33 verbose headers   'x-timer': 'S1462811161.018951,VS0,VE92',
33 verbose headers   vary: 'Accept-Encoding' }
34 verbose request invalidating /Users/kaushiksahoo/.npm/registry.npmjs.org/components on PUT
35 error publish Failed PUT 403
36 verbose stack Error: you do not have permission to publish "components". Are you logged in as the correct user? : components
36 verbose stack     at makeError (/usr/local/lib/node_modules/npm/node_modules/npm-registry-client/lib/request.js:264:12)
36 verbose stack     at CachingRegistryClient.<anonymous> (/usr/local/lib/node_modules/npm/node_modules/npm-registry-client/lib/request.js:252:14)
36 verbose stack     at Request._callback (/usr/local/lib/node_modules/npm/node_modules/npm-registry-client/lib/request.js:172:14)
36 verbose stack     at Request.self.callback (/usr/local/lib/node_modules/npm/node_modules/request/request.js:198:22)
36 verbose stack     at emitTwo (events.js:88:13)
36 verbose stack     at Request.emit (events.js:173:7)
36 verbose stack     at Request.<anonymous> (/usr/local/lib/node_modules/npm/node_modules/request/request.js:1082:10)
36 verbose stack     at emitOne (events.js:83:20)
36 verbose stack     at Request.emit (events.js:170:7)
36 verbose stack     at IncomingMessage.<anonymous> (/usr/local/lib/node_modules/npm/node_modules/request/request.js:1009:12)
37 verbose statusCode 403
38 verbose pkgid components
39 verbose cwd /Users/kaushiksahoo/Desktop/capsule-components
40 error Darwin 15.3.0
41 error argv "/usr/local/bin/node" "/usr/local/bin/npm" "publish"
42 error node v5.2.0
43 error npm  v3.3.12
44 error code E403
45 error you do not have permission to publish "components". Are you logged in as the correct user? : components
46 error If you need help, you may report this error at:
46 error     <https://github.com/npm/npm/issues>
47 verbose exit [ 1, true ]
